2025-01-18 09:54:57,898 [main] INFO  org.rental.CarRentApplication - Starting CarRentApplication using Java 21.0.2 with PID 27624 (C:\Users\sesa99547\IdeaProjects\car_rental_2024\car-rental-app\build\classes\java\main started by SESA99547 in C:\Users\sesa99547\IdeaProjects\car_rental_2024)
2025-01-18 09:54:57,908 [main] INFO  org.rental.CarRentApplication - No active profile set, falling back to 1 default profile: "default"
2025-01-18 09:54:59,028 [main] INFO  o.s.d.r.c.RepositoryConfigurationDelegate - Bootstrapping Spring Data JPA repositories in DEFAULT mode.
2025-01-18 09:54:59,132 [main] INFO  o.s.d.r.c.RepositoryConfigurationDelegate - Finished Spring Data repository scanning in 89 ms. Found 4 JPA repository interfaces.
2025-01-18 09:55:00,092 [main] INFO  o.s.b.w.e.tomcat.TomcatWebServer - Tomcat initialized with port 8080 (http)
2025-01-18 09:55:00,108 [main] INFO  o.a.coyote.http11.Http11NioProtocol - Initializing ProtocolHandler ["http-nio-8080"]
2025-01-18 09:55:00,123 [main] INFO  o.a.catalina.core.StandardService - Starting service [Tomcat]
2025-01-18 09:55:00,123 [main] INFO  o.a.catalina.core.StandardEngine - Starting Servlet engine: [Apache Tomcat/10.1.24]
2025-01-18 09:55:00,218 [main] INFO  o.a.c.c.C.[Tomcat].[localhost].[/] - Initializing Spring embedded WebApplicationContext
2025-01-18 09:55:00,218 [main] INFO  o.s.b.w.s.c.ServletWebServerApplicationContext - Root WebApplicationContext: initialization completed in 2240 ms
2025-01-18 09:55:00,250 [main] INFO  com.zaxxer.hikari.HikariDataSource - HikariPool-1 - Starting...
2025-01-18 09:55:00,630 [main] INFO  com.zaxxer.hikari.pool.HikariPool - HikariPool-1 - Added connection conn0: url=jdbc:h2:mem:testdb user=SA
2025-01-18 09:55:00,630 [main] INFO  com.zaxxer.hikari.HikariDataSource - HikariPool-1 - Start completed.
2025-01-18 09:55:00,654 [main] INFO  o.s.b.a.h.H2ConsoleAutoConfiguration - H2 console available at '/h2-console'. Database available at 'jdbc:h2:mem:testdb'
2025-01-18 09:55:00,996 [main] INFO  liquibase.database - Set default schema name to PUBLIC
2025-01-18 09:55:01,730 [main] INFO  liquibase.changelog - Creating database history table with name: PUBLIC.DATABASECHANGELOG
2025-01-18 09:55:01,931 [main] INFO  liquibase.changelog - Reading from PUBLIC.DATABASECHANGELOG
2025-01-18 09:55:02,036 [main] INFO  liquibase.lockservice - Successfully acquired change log lock
2025-01-18 09:55:02,036 [main] INFO  liquibase.command - Using deploymentId: 7186902036
2025-01-18 09:55:02,036 [main] INFO  liquibase.changelog - Reading from PUBLIC.DATABASECHANGELOG
2025-01-18 09:55:02,099 [main] INFO  liquibase.ui - Running Changeset: db/changelog/changes/changelog-1.xml::1::andrejsc
2025-01-18 09:55:02,115 [main] INFO  liquibase.changelog - Table classifiers created
2025-01-18 09:55:02,115 [main] INFO  liquibase.changelog - ChangeSet db/changelog/changes/changelog-1.xml::1::andrejsc ran successfully in 16ms
2025-01-18 09:55:02,115 [main] INFO  liquibase.ui - Running Changeset: db/changelog/changes/changelog-1.xml::2::andrejsc
2025-01-18 09:55:02,131 [main] INFO  liquibase.changelog - Index ix_classifiers_title created
2025-01-18 09:55:02,131 [main] INFO  liquibase.changelog - ChangeSet db/changelog/changes/changelog-1.xml::2::andrejsc ran successfully in 16ms
2025-01-18 09:55:02,131 [main] INFO  liquibase.ui - Running Changeset: db/changelog/changes/changelog-2.xml::3::andrejsc
2025-01-18 09:55:02,131 [main] INFO  liquibase.changelog - Table classifier_values created
2025-01-18 09:55:02,131 [main] INFO  liquibase.changelog - ChangeSet db/changelog/changes/changelog-2.xml::3::andrejsc ran successfully in 0ms
2025-01-18 09:55:02,131 [main] INFO  liquibase.ui - Running Changeset: db/changelog/changes/changelog-2.xml::4::andrejsc
2025-01-18 09:55:02,146 [main] INFO  liquibase.changelog - Foreign key constraint added to classifier_values (classifier_id)
2025-01-18 09:55:02,146 [main] INFO  liquibase.changelog - ChangeSet db/changelog/changes/changelog-2.xml::4::andrejsc ran successfully in 15ms
2025-01-18 09:55:02,146 [main] INFO  liquibase.ui - Running Changeset: db/changelog/changes/changelog-2.xml::5::andrejsc
2025-01-18 09:55:02,146 [main] INFO  liquibase.changelog - Index ix_classifier_values_ic created
2025-01-18 09:55:02,146 [main] INFO  liquibase.changelog - ChangeSet db/changelog/changes/changelog-2.xml::5::andrejsc ran successfully in 0ms
2025-01-18 09:55:02,146 [main] INFO  liquibase.ui - Running Changeset: db/changelog/changes/changelog-3.xml::6::andrejsc
2025-01-18 09:55:02,179 [main] INFO  liquibase.changelog - Custom SQL executed
2025-01-18 09:55:02,179 [main] INFO  liquibase.changelog - ChangeSet db/changelog/changes/changelog-3.xml::6::andrejsc ran successfully in 33ms
2025-01-18 09:55:02,179 [main] INFO  liquibase.ui - Running Changeset: db/changelog/changes/changelog-3.xml::7::andrejsc
2025-01-18 09:55:02,194 [main] INFO  liquibase.changelog - Custom SQL executed
2025-01-18 09:55:02,210 [main] INFO  liquibase.changelog - ChangeSet db/changelog/changes/changelog-3.xml::7::andrejsc ran successfully in 31ms
2025-01-18 09:55:02,211 [main] INFO  liquibase.ui - Running Changeset: db/changelog/changes/changelog-4.xml::8::andrejsc
2025-01-18 09:55:02,211 [main] INFO  liquibase.changelog - Table country_default_day_rate created
2025-01-18 09:55:02,211 [main] INFO  liquibase.changelog - ChangeSet db/changelog/changes/changelog-4.xml::8::andrejsc ran successfully in 0ms
2025-01-18 09:55:02,222 [main] INFO  liquibase.ui - Running Changeset: db/changelog/changes/changelog-4.xml::9::andrejsc
2025-01-18 09:55:02,222 [main] INFO  liquibase.changelog - Index ix_country_default_day_rate_country_ic created
2025-01-18 09:55:02,226 [main] INFO  liquibase.changelog - ChangeSet db/changelog/changes/changelog-4.xml::9::andrejsc ran successfully in 4ms
2025-01-18 09:55:02,226 [main] INFO  liquibase.ui - Running Changeset: db/changelog/changes/changelog-5.xml::10::andrejsc
2025-01-18 09:55:02,231 [main] INFO  liquibase.changelog - Custom SQL executed
2025-01-18 09:55:02,231 [main] INFO  liquibase.changelog - ChangeSet db/changelog/changes/changelog-5.xml::10::andrejsc ran successfully in 5ms
2025-01-18 09:55:02,231 [main] INFO  liquibase.ui - Running Changeset: db/changelog/changes/changelog-5.xml::11::andrejsc
2025-01-18 09:55:02,240 [main] INFO  liquibase.changelog - Custom SQL executed
2025-01-18 09:55:02,240 [main] INFO  liquibase.changelog - ChangeSet db/changelog/changes/changelog-5.xml::11::andrejsc ran successfully in 9ms
2025-01-18 09:55:02,242 [main] INFO  liquibase.ui - Running Changeset: db/changelog/changes/changelog-5.xml::12::andrejsc
2025-01-18 09:55:02,249 [main] INFO  liquibase.changelog - Custom SQL executed
2025-01-18 09:55:02,249 [main] INFO  liquibase.changelog - ChangeSet db/changelog/changes/changelog-5.xml::12::andrejsc ran successfully in 7ms
2025-01-18 09:55:02,249 [main] INFO  liquibase.ui - Running Changeset: db/changelog/changes/changelog-6.xml::13::andrejsc
2025-01-18 09:55:02,258 [main] INFO  liquibase.changelog - Table age_coefficient created
2025-01-18 09:55:02,258 [main] INFO  liquibase.changelog - ChangeSet db/changelog/changes/changelog-6.xml::13::andrejsc ran successfully in 9ms
2025-01-18 09:55:02,258 [main] INFO  liquibase.ui - Running Changeset: db/changelog/changes/changelog-6.xml::14::andrejsc
2025-01-18 09:55:02,265 [main] INFO  liquibase.changelog - Custom SQL executed
2025-01-18 09:55:02,265 [main] INFO  liquibase.changelog - ChangeSet db/changelog/changes/changelog-6.xml::14::andrejsc ran successfully in 2ms
2025-01-18 09:55:02,281 [main] INFO  liquibase.util - UPDATE SUMMARY
2025-01-18 09:55:02,281 [main] INFO  liquibase.util - Run:                         14
2025-01-18 09:55:02,281 [main] INFO  liquibase.util - Previously run:               0
2025-01-18 09:55:02,281 [main] INFO  liquibase.util - Filtered out:                 0
2025-01-18 09:55:02,281 [main] INFO  liquibase.util - -------------------------------
2025-01-18 09:55:02,281 [main] INFO  liquibase.util - Total change sets:           14
2025-01-18 09:55:02,281 [main] INFO  liquibase.util - Update summary generated
2025-01-18 09:55:02,281 [main] INFO  liquibase.command - Update command completed successfully.
2025-01-18 09:55:02,281 [main] INFO  liquibase.ui - Liquibase: Update has been successful. Rows affected: 30
2025-01-18 09:55:02,290 [main] INFO  liquibase.lockservice - Successfully released change log lock
2025-01-18 09:55:02,290 [main] INFO  liquibase.command - Command execution complete
2025-01-18 09:55:02,489 [main] INFO  o.h.jpa.internal.util.LogHelper - HHH000204: Processing PersistenceUnitInfo [name: default]
2025-01-18 09:55:02,654 [main] INFO  org.hibernate.Version - HHH000412: Hibernate ORM core version 6.5.2.Final
2025-01-18 09:55:02,765 [main] INFO  o.h.c.i.RegionFactoryInitiator - HHH000026: Second-level cache disabled
2025-01-18 09:55:03,379 [main] INFO  o.s.o.j.p.SpringPersistenceUnitInfo - No LoadTimeWeaver setup: ignoring JPA class transformer
2025-01-18 09:55:03,474 [main] WARN  org.hibernate.orm.deprecation - HHH90000025: H2Dialect does not need to be specified explicitly using 'hibernate.dialect' (remove the property setting and it will be selected by default)
2025-01-18 09:55:04,779 [main] INFO  o.h.e.t.j.p.i.JtaPlatformInitiator - HHH000489: No JTA platform available (set 'hibernate.transaction.jta.platform' to enable JTA platform integration)
2025-01-18 09:55:04,825 [main] INFO  o.s.o.j.LocalContainerEntityManagerFactoryBean - Initialized JPA EntityManagerFactory for persistence unit 'default'
2025-01-18 09:55:05,265 [main] INFO  o.s.d.j.r.query.QueryEnhancerFactory - Hibernate is in classpath; If applicable, HQL parser will be used.
2025-01-18 09:55:06,054 [main] WARN  o.s.b.a.o.j.JpaBaseConfiguration$JpaWebConfiguration - spring.jpa.open-in-view is enabled by default. Therefore, database queries may be performed during view rendering. Explicitly configure spring.jpa.open-in-view to disable this warning
2025-01-18 09:55:06,541 [main] INFO  o.a.coyote.http11.Http11NioProtocol - Starting ProtocolHandler ["http-nio-8080"]
2025-01-18 09:55:06,573 [main] INFO  o.s.b.w.e.tomcat.TomcatWebServer - Tomcat started on port 8080 (http) with context path '/'
2025-01-18 09:55:06,573 [main] INFO  org.rental.CarRentApplication - Started CarRentApplication in 9.331 seconds (process running for 10.353)
