2024-12-28 12:00:28,739 [http-nio-8080-exec-2] INFO  o.r.r.CarRentPriceCalculationRequestLogger - REQUEST: {"personFirstName":"FirstName","personLastName":"LastName","agreementDateFrom":"2026-05-25","agreementDateTo":"2026-05-29","selectedCar":null}
2024-12-28 12:00:28,753 [http-nio-8080-exec-2] INFO  o.r.r.CarRentPriceCalculationResponseLogger - RESPONSE: {"errors":[{"errorCode":"ERROR_CODE_6","description":"Field selectedVehicle must not be empty!"}],"personFirstName":null,"personLastName":null,"agreementDateFrom":null,"agreementDateTo":null,"agreementPrice":null}
2024-12-28 12:00:53,569 [http-nio-8080-exec-3] INFO  o.r.r.CarRentPriceCalculationRequestLogger - REQUEST: {"personFirstName":"FirstName","personLastName":"LastName","agreementDateFrom":"2026-05-25","agreementDateTo":"2026-05-29","selectedCar":null}
2024-12-28 12:00:53,579 [http-nio-8080-exec-3] INFO  o.r.r.CarRentPriceCalculationResponseLogger - RESPONSE: {"errors":[{"errorCode":"ERROR_CODE_6","description":"Field selectedVehicle must not be empty!"}],"personFirstName":null,"personLastName":null,"agreementDateFrom":null,"agreementDateTo":null,"agreementPrice":null}
2024-12-28 12:02:42,686 [http-nio-8080-exec-5] INFO  o.r.r.CarRentPriceCalculationRequestLogger - REQUEST: {"personFirstName":"FirstName","personLastName":"LastName","agreementDateFrom":"2026-05-25","agreementDateTo":"2026-05-29","selectedCar":null}
2024-12-28 12:02:42,695 [http-nio-8080-exec-5] INFO  o.r.r.CarRentPriceCalculationResponseLogger - RESPONSE: {"errors":[{"errorCode":"ERROR_CODE_6","description":"Field selectedVehicle must not be empty!"}],"personFirstName":null,"personLastName":null,"agreementDateFrom":null,"agreementDateTo":null,"agreementPrice":null}
2024-12-28 12:10:15,947 [http-nio-8080-exec-2] INFO  o.r.r.CarRentPriceCalculationRequestLogger - REQUEST: {"personFirstName":"FirstName","personLastName":"LastName","agreementDateFrom":"2026-05-25","agreementDateTo":"2026-05-29","selectedCar":null}
2024-12-28 12:10:15,956 [http-nio-8080-exec-2] INFO  o.r.r.CarRentPriceCalculationResponseLogger - RESPONSE: {"errors":[{"errorCode":"ERROR_CODE_6","description":"Field selectedCar must not be empty!"}],"personFirstName":null,"personLastName":null,"agreementDateFrom":null,"agreementDateTo":null,"agreementPrice":null}
2024-12-28 12:10:35,476 [http-nio-8080-exec-3] INFO  o.r.r.CarRentPriceCalculationRequestLogger - REQUEST: {"personFirstName":"FirstName","personLastName":"LastName","agreementDateFrom":"2026-05-25","agreementDateTo":"2026-05-29","selectedCar":null}
2024-12-28 12:10:35,476 [http-nio-8080-exec-3] INFO  o.r.r.CarRentPriceCalculationResponseLogger - RESPONSE: {"errors":[{"errorCode":"ERROR_CODE_6","description":"Field selectedCar must not be empty!"}],"personFirstName":null,"personLastName":null,"agreementDateFrom":null,"agreementDateTo":null,"agreementPrice":null}
2024-12-28 12:10:40,146 [http-nio-8080-exec-4] INFO  o.r.r.CarRentPriceCalculationRequestLogger - REQUEST: {"personFirstName":"FirstName","personLastName":"LastName","agreementDateFrom":"2026-05-25","agreementDateTo":"2026-05-29","selectedCar":null}
2024-12-28 12:10:40,146 [http-nio-8080-exec-4] INFO  o.r.r.CarRentPriceCalculationResponseLogger - RESPONSE: {"errors":[{"errorCode":"ERROR_CODE_6","description":"Field selectedCar must not be empty!"}],"personFirstName":null,"personLastName":null,"agreementDateFrom":null,"agreementDateTo":null,"agreementPrice":null}
2024-12-28 12:11:16,421 [http-nio-8080-exec-5] INFO  o.r.r.CarRentPriceCalculationRequestLogger - REQUEST: {"personFirstName":"FirstName","personLastName":"LastName","agreementDateFrom":"2026-05-25","agreementDateTo":"2026-05-29","selectedCar":null}
2024-12-28 12:11:16,424 [http-nio-8080-exec-5] INFO  o.r.r.CarRentPriceCalculationResponseLogger - RESPONSE: {"errors":[{"errorCode":"ERROR_CODE_6","description":"Field selectedCar must not be empty!"}],"personFirstName":null,"personLastName":null,"agreementDateFrom":null,"agreementDateTo":null,"agreementPrice":null}
2024-12-28 12:25:28,322 [http-nio-8080-exec-8] INFO  o.r.r.CarRentPriceCalculationRequestLogger - REQUEST: {"personFirstName":"FirstName","personLastName":"LastName","agreementDateFrom":"2026-05-25","agreementDateTo":"2026-05-29","selectedCar":null}
2024-12-28 12:25:28,322 [http-nio-8080-exec-8] INFO  o.r.r.CarRentPriceCalculationResponseLogger - RESPONSE: {"errors":[{"errorCode":"ERROR_CODE_6","description":"Field selectedCar must not be empty!"}],"personFirstName":null,"personLastName":null,"agreementDateFrom":null,"agreementDateTo":null,"agreementPrice":null}
2024-12-28 12:25:48,138 [http-nio-8080-exec-9] INFO  o.r.r.CarRentPriceCalculationRequestLogger - REQUEST: {"personFirstName":"FirstName","personLastName":"LastName","agreementDateFrom":"2026-05-25","agreementDateTo":"2026-05-29","selectedCar":null}
2024-12-28 12:25:48,138 [http-nio-8080-exec-9] INFO  o.r.r.CarRentPriceCalculationResponseLogger - RESPONSE: {"errors":[{"errorCode":"ERROR_CODE_6","description":"Field selectedCar must not be empty!"}],"personFirstName":null,"personLastName":null,"agreementDateFrom":null,"agreementDateTo":null,"agreementPrice":null}
2024-12-28 12:26:30,684 [http-nio-8080-exec-2] INFO  o.r.r.CarRentPriceCalculationRequestLogger - REQUEST: {"personFirstName":"FirstName","personLastName":"LastName","agreementDateFrom":"2026-05-25","agreementDateTo":"2026-05-29","selectedCar":null}
2024-12-28 12:26:30,690 [http-nio-8080-exec-2] INFO  o.r.r.CarRentPriceCalculationResponseLogger - RESPONSE: {"errors":[{"errorCode":"ERROR_CODE_6","description":"Field selectedCar must not be empty!"}],"personFirstName":null,"personLastName":null,"agreementDateFrom":null,"agreementDateTo":null,"agreementPrice":null}
2024-12-28 12:30:32,429 [http-nio-8080-exec-5] INFO  o.r.r.CarRentPriceCalculationRequestLogger - REQUEST: {"personFirstName":"FirstName","personLastName":"LastName","agreementDateFrom":"2026-05-25","agreementDateTo":"2026-05-29","selectedCar":["CAR_OPTIMUM"]}
2024-12-28 12:30:32,692 [http-nio-8080-exec-5] INFO  o.r.r.CarRentPriceCalculationResponseLogger - RESPONSE: {"errors":[{"errorCode":"ERROR_CODE_9","description":"Car Type ic = {NOT_EXISTING_CAR_TYPE} not supported!"}],"personFirstName":null,"personLastName":null,"agreementDateFrom":null,"agreementDateTo":null,"agreementPrice":null}
2024-12-28 12:36:14,356 [http-nio-8080-exec-8] INFO  o.r.r.CarRentPriceCalculationRequestLogger - REQUEST: {"personFirstName":null,"personLastName":null,"agreementDateFrom":null,"agreementDateTo":null,"selectedCar":[]}
2024-12-28 12:36:14,360 [http-nio-8080-exec-8] INFO  o.r.r.CarRentPriceCalculationResponseLogger - RESPONSE: {"errors":[{"errorCode":"ERROR_CODE_2","description":"Field agreementDateFrom must not be empty!"},{"errorCode":"ERROR_CODE_4","description":"Field agreementDateTo must not be empty!"},{"errorCode":"ERROR_CODE_6","description":"Field selectedCar must not be empty!"},{"errorCode":"ERROR_CODE_7","description":"Field personFirstName must not be empty!"},{"errorCode":"ERROR_CODE_8","description":"Field personLastName must not be empty!"}],"personFirstName":null,"personLastName":null,"agreementDateFrom":null,"agreementDateTo":null,"agreementPrice":null}
2024-12-28 12:50:40,565 [http-nio-8080-exec-10] INFO  o.r.r.CarRentPriceCalculationRequestLogger - REQUEST: {"personFirstName":"FirstName","personLastName":"LastName","agreementDateFrom":"2026-05-25","agreementDateTo":"2026-05-29","selectedCar":["CAR_OPTIMUM"]}
2024-12-28 12:50:40,574 [http-nio-8080-exec-10] INFO  o.r.r.CarRentPriceCalculationResponseLogger - RESPONSE: {"errors":[{"errorCode":"ERROR_CODE_9","description":"Car Type ic = {NOT_EXISTING_CAR_TYPE} not supported!"}],"personFirstName":null,"personLastName":null,"agreementDateFrom":null,"agreementDateTo":null,"agreementPrice":null}
2024-12-28 12:51:22,840 [http-nio-8080-exec-2] INFO  o.r.r.CarRentPriceCalculationRequestLogger - REQUEST: {"personFirstName":"FirstName","personLastName":"LastName","agreementDateFrom":"2026-05-25","agreementDateTo":"2026-05-29","selectedCar":["CAR_OPTIMUM"]}
2024-12-28 12:51:23,077 [http-nio-8080-exec-2] INFO  o.r.r.CarRentPriceCalculationResponseLogger - RESPONSE: {"errors":null,"personFirstName":"FirstName","personLastName":"LastName","agreementDateFrom":"2026-05-25","agreementDateTo":"2026-05-29","agreementPrice":4}
2024-12-28 15:27:01,503 [http-nio-8080-exec-2] INFO  o.r.r.CarRentPriceCalculationRequestLogger - REQUEST: {"personFirstName":"FirstName","personLastName":"LastName","agreementDateFrom":"2026-05-25","agreementDateTo":"2026-05-29","selectedCar":["CAR_PREMIUM","CAR_LUX"]}
2024-12-28 15:27:01,736 [http-nio-8080-exec-2] INFO  o.r.r.CarRentPriceCalculationResponseLogger - RESPONSE: {"errors":null,"personFirstName":"FirstName","personLastName":"LastName","agreementDateFrom":"2026-05-25","agreementDateTo":"2026-05-29","agreementPremium":0,"carsForRent":null}
